<?xml version="1.0" encoding="UTF-8"?>
<!-- Generated by org.testng.reporters.JUnitReportReporter -->
<testsuite skipped="4" hostname="LAPTOP-1HPIPLEK" name="testcases.rediff.StockManagement" tests="4" failures="0" timestamp="2022-09-16T21:13:41 SGT" time="0.004" errors="0">
  <testcase name="verifyStockPresent" time="0.001" classname="testcases.rediff.StockManagement">
    <skipped/>
  </testcase> <!-- verifyStockPresent -->
  <system-out/>
  <testcase name="verifyTransactionHistory" time="0.001" classname="testcases.rediff.StockManagement">
    <skipped/>
  </testcase> <!-- verifyTransactionHistory -->
  <system-out/>
  <testcase name="addNewStock" time="0.001" classname="testcases.rediff.StockManagement">
    <skipped/>
  </testcase> <!-- addNewStock -->
  <system-out/>
  <testcase name="verifyStockQuantity" time="0.001" classname="testcases.rediff.StockManagement">
    <skipped/>
  </testcase> <!-- verifyStockQuantity -->
  <system-out/>
</testsuite> <!-- testcases.rediff.StockManagement -->
