<?xml version="1.0" encoding="UTF-8"?>
<!-- Generated by org.testng.reporters.JUnitReportReporter -->
<testsuite skipped="0" hostname="LAPTOP-1HPIPLEK" name="testcases.CreatePortfolioTest" tests="1" failures="0" timestamp="2022-07-17T18:55:40 SGT" time="5.686" errors="0">
  <testcase name="createPortfolioTest" time="5.686" classname="testcases.CreatePortfolioTest"/>
  <system-out/>
</testsuite> <!-- testcases.CreatePortfolioTest -->
